c:\users\86151\source\repos\particle_system\particle_system\release\vc142.pdb
c:\users\86151\source\repos\particle_system\particle_system\release\generator.obj
c:\users\86151\source\repos\particle_system\particle_system\release\particle.obj
c:\users\86151\source\repos\particle_system\particle_system\release\matrix.obj
c:\users\86151\source\repos\particle_system\particle_system\release\main.obj
c:\users\86151\source\repos\particle_system\particle_system\release\integrator.obj
c:\users\86151\source\repos\particle_system\particle_system\release\glcanvas.obj
c:\users\86151\source\repos\particle_system\particle_system\release\forcefield.obj
c:\users\86151\source\repos\particle_system\particle_system\release\system.obj
c:\users\86151\source\repos\particle_system\particle_system\release\parser.obj
c:\users\86151\source\repos\particle_system\release\particle_system.exe
c:\users\86151\source\repos\particle_system\release\particle_system.pdb
c:\users\86151\source\repos\particle_system\release\particle_system.ipdb
c:\users\86151\source\repos\particle_system\release\particle_system.iobj
c:\users\86151\source\repos\particle_system\particle_system\release\particle_system.tlog\cl.command.1.tlog
c:\users\86151\source\repos\particle_system\particle_system\release\particle_system.tlog\cl.read.1.tlog
c:\users\86151\source\repos\particle_system\particle_system\release\particle_system.tlog\cl.write.1.tlog
c:\users\86151\source\repos\particle_system\particle_system\release\particle_system.tlog\link.command.1.tlog
c:\users\86151\source\repos\particle_system\particle_system\release\particle_system.tlog\link.delete.1.tlog
c:\users\86151\source\repos\particle_system\particle_system\release\particle_system.tlog\link.read.1.tlog
c:\users\86151\source\repos\particle_system\particle_system\release\particle_system.tlog\link.write.1.tlog
c:\users\86151\source\repos\particle_system\particle_system\release\particle_system.tlog\particle_system.write.1u.tlog
